Added Component: Designator=C1(RES 0805/2012)
Add component. Clean all parameters for all variants
Add component (AddParameter): Name = "ComponentLink1Description"; Value = "Datasheet"; VariantName = "[No Variations]"
Add component (AddParameter): Name = "ComponentLink1URL"; Value = "https://product.tdk.com/info/en/catalog/datasheets/mlcc_commercial_general_en.pdf"; VariantName = "[No Variations]"
Add component (AddParameter): Name = "ComponentLink2Description"; Value = "Digi-Key listing"; VariantName = "[No Variations]"
Add component (AddParameter): Name = "ComponentLink2URL"; Value = "http://digikey.com/product-detail/en/C2012X7R1H104K085AA/445-7534-2-ND/2732969"; VariantName = "[No Variations]"
Add component (AddParameter): Name = "Device Package"; Value = "0805 (2012 Metric)"; VariantName = "[No Variations]"
Add component (AddParameter): Name = "Manufacturer"; Value = "TDK Corporation"; VariantName = "[No Variations]"
Add component (AddParameter): Name = "PartId"; Value = "4390"; VariantName = "[No Variations]"
Add component (AddParameter): Name = "Part Number"; Value = "C2012X7R1H104K085AA"; VariantName = "[No Variations]"
Add component (AddParameter): Name = "Price"; Value = "0,0182"; VariantName = "[No Variations]"
Add component (AddParameter): Name = "Supplier 1"; Value = "Digi-Key"; VariantName = "[No Variations]"
Add component (AddParameter): Name = "Supplier Part Number 1"; Value = "445-7534-2-ND"; VariantName = "[No Variations]"
Add component (AddParameter): Name = "TemperatureCoefficient"; Value = "X7R"; VariantName = "[No Variations]"
Add component (AddParameter): Name = "TemperatureRange"; Value = "-55C ~ 125C"; VariantName = "[No Variations]"
Add component (AddParameter): Name = "Tolerance"; Value = "10%"; VariantName = "[No Variations]"
Add component (AddParameter): Name = "Type"; Value = "-"; VariantName = "[No Variations]"
Add component (AddParameter): Name = "Value"; Value = "0.1uF"; VariantName = "[No Variations]"
Add component (AddParameter): Name = "Voltage"; Value = "50V"; VariantName = "[No Variations]"
Added Component: Designator=C2(RES 0805/2012)
Add component. Clean all parameters for all variants
Add component (AddParameter): Name = "ComponentLink1Description"; Value = "Datasheet"; VariantName = "[No Variations]"
Add component (AddParameter): Name = "ComponentLink1URL"; Value = "https://product.tdk.com/info/en/catalog/datasheets/mlcc_commercial_general_en.pdf"; VariantName = "[No Variations]"
Add component (AddParameter): Name = "ComponentLink2Description"; Value = "Digi-Key listing"; VariantName = "[No Variations]"
Add component (AddParameter): Name = "ComponentLink2URL"; Value = "http://digikey.com/product-detail/en/C2012X7R1H104K085AA/445-7534-2-ND/2732969"; VariantName = "[No Variations]"
Add component (AddParameter): Name = "Device Package"; Value = "0805 (2012 Metric)"; VariantName = "[No Variations]"
Add component (AddParameter): Name = "Manufacturer"; Value = "TDK Corporation"; VariantName = "[No Variations]"
Add component (AddParameter): Name = "PartId"; Value = "4390"; VariantName = "[No Variations]"
Add component (AddParameter): Name = "Part Number"; Value = "C2012X7R1H104K085AA"; VariantName = "[No Variations]"
Add component (AddParameter): Name = "Price"; Value = "0,0182"; VariantName = "[No Variations]"
Add component (AddParameter): Name = "Supplier 1"; Value = "Digi-Key"; VariantName = "[No Variations]"
Add component (AddParameter): Name = "Supplier Part Number 1"; Value = "445-7534-2-ND"; VariantName = "[No Variations]"
Add component (AddParameter): Name = "TemperatureCoefficient"; Value = "X7R"; VariantName = "[No Variations]"
Add component (AddParameter): Name = "TemperatureRange"; Value = "-55C ~ 125C"; VariantName = "[No Variations]"
Add component (AddParameter): Name = "Tolerance"; Value = "10%"; VariantName = "[No Variations]"
Add component (AddParameter): Name = "Type"; Value = "-"; VariantName = "[No Variations]"
Add component (AddParameter): Name = "Value"; Value = "0.1uF"; VariantName = "[No Variations]"
Add component (AddParameter): Name = "Voltage"; Value = "50V"; VariantName = "[No Variations]"
Added Component: Designator=C3(CAP ALUM 6.6MM)
Add component. Clean all parameters for all variants
Add component (AddParameter): Name = "ComponentLink1Description"; Value = "Datasheet"; VariantName = "[No Variations]"
Add component (AddParameter): Name = "ComponentLink1URL"; Value = "http://media.digikey.com/pdf/Data%20Sheets/Panasonic%20Electronic%20Components/S_Series_Type_V.pdf"; VariantName = "[No Variations]"
Add component (AddParameter): Name = "ComponentLink2Description"; Value = "Digi-Key listing"; VariantName = "[No Variations]"
Add component (AddParameter): Name = "ComponentLink2URL"; Value = "http://digikey.com/product-detail/en/EEE-1EA220AP/PCE4596TR-ND/1717762"; VariantName = "[No Variations]"
Add component (AddParameter): Name = "Device Package"; Value = "Radial, Can - SMD"; VariantName = "[No Variations]"
Add component (AddParameter): Name = "Impedance"; Value = "-"; VariantName = "[No Variations]"
Add component (AddParameter): Name = "Lifetime @ Temp"; Value = "2000 Hrs @ 85C"; VariantName = "[No Variations]"
Add component (AddParameter): Name = "Manufacturer"; Value = "Panasonic Electronic Components"; VariantName = "[No Variations]"
Add component (AddParameter): Name = "PartId"; Value = "7220"; VariantName = "[No Variations]"
Add component (AddParameter): Name = "Part Number"; Value = "EEE-1EA220AP"; VariantName = "[No Variations]"
Add component (AddParameter): Name = "Price"; Value = "0,1368"; VariantName = "[No Variations]"
Add component (AddParameter): Name = "Ripple Current"; Value = "55mA"; VariantName = "[No Variations]"
Add component (AddParameter): Name = "Supplier 1"; Value = "Digi-Key"; VariantName = "[No Variations]"
Add component (AddParameter): Name = "Supplier Part Number 1"; Value = "PCE4596TR-ND"; VariantName = "[No Variations]"
Add component (AddParameter): Name = "TemperatureRange"; Value = "-40C ~ 85C"; VariantName = "[No Variations]"
Add component (AddParameter): Name = "Tolerance"; Value = "20%"; VariantName = "[No Variations]"
Add component (AddParameter): Name = "Type"; Value = "High Temperature Reflow"; VariantName = "[No Variations]"
Add component (AddParameter): Name = "Value"; Value = "22uF"; VariantName = "[No Variations]"
Add component (AddParameter): Name = "Voltage"; Value = "25V"; VariantName = "[No Variations]"
Added Component: Designator=J1(JST XH B4B-XH-A)
Add component. Clean all parameters for all variants
Add component (AddParameter): Name = "Colour"; Value = "Natural"; VariantName = "[No Variations]"
Add component (AddParameter): Name = "ComponentLink1Description"; Value = "Datasheet"; VariantName = "[No Variations]"
Add component (AddParameter): Name = "ComponentLink1URL"; Value = "http://www.jst-mfg.com/product/pdf/eng/eXH.pdf"; VariantName = "[No Variations]"
Add component (AddParameter): Name = "ComponentLink2Description"; Value = "Digi-Key Listing"; VariantName = "[No Variations]"
Add component (AddParameter): Name = "ComponentLink2URL"; Value = "http://www.digikey.com/product-detail/en/jst-sales-america-inc/B4B-XH-A(LF)(SN)/455-2249-ND/1651047"; VariantName = "[No Variations]"
Add component (AddParameter): Name = "Contact Finish"; Value = "Tin"; VariantName = "[No Variations]"
Add component (AddParameter): Name = "Fastening Type"; Value = "Detent Lock"; VariantName = "[No Variations]"
Add component (AddParameter): Name = "Manufacturer"; Value = "JST Sales America Inc."; VariantName = "[No Variations]"
Add component (AddParameter): Name = "Number Of Positions"; Value = "4"; VariantName = "[No Variations]"
Add component (AddParameter): Name = "Number Of Rows"; Value = "1"; VariantName = "[No Variations]"
Add component (AddParameter): Name = "PartId"; Value = "16451"; VariantName = "[No Variations]"
Add component (AddParameter): Name = "Part Number"; Value = "B4B-XH-A(LF)(SN)"; VariantName = "[No Variations]"
Add component (AddParameter): Name = "Pitch"; Value = "0.098" (2.50mm)"; VariantName = "[No Variations]"
Add component (AddParameter): Name = "Price"; Value = "0,21"; VariantName = "[No Variations]"
Add component (AddParameter): Name = "Series"; Value = "XH"; VariantName = "[No Variations]"
Add component (AddParameter): Name = "Supplier 1"; Value = "Digi-Key"; VariantName = "[No Variations]"
Add component (AddParameter): Name = "Supplier Part Number 1"; Value = "455-2249-ND"; VariantName = "[No Variations]"
Add component (AddParameter): Name = "Type"; Value = "Header, Shrouded"; VariantName = "[No Variations]"
Added Component: Designator=J2(JST XH B8B-XH-A)
Add component. Clean all parameters for all variants
Add component (AddParameter): Name = "Colour"; Value = "Natural"; VariantName = "[No Variations]"
Add component (AddParameter): Name = "ComponentLink1Description"; Value = "Datasheet"; VariantName = "[No Variations]"
Add component (AddParameter): Name = "ComponentLink1URL"; Value = "http://www.jst-mfg.com/product/pdf/eng/eXH.pdf"; VariantName = "[No Variations]"
Add component (AddParameter): Name = "ComponentLink2Description"; Value = "Digi-Key Listing"; VariantName = "[No Variations]"
Add component (AddParameter): Name = "ComponentLink2URL"; Value = "http://www.digikey.com/product-detail/en/jst-sales-america-inc/B8B-XH-A(LF)(SN)/455-2251-ND/1651049"; VariantName = "[No Variations]"
Add component (AddParameter): Name = "Contact Finish"; Value = "Tin"; VariantName = "[No Variations]"
Add component (AddParameter): Name = "Fastening Type"; Value = "Detent Lock"; VariantName = "[No Variations]"
Add component (AddParameter): Name = "Manufacturer"; Value = "JST Sales America Inc."; VariantName = "[No Variations]"
Add component (AddParameter): Name = "Number Of Positions"; Value = "8"; VariantName = "[No Variations]"
Add component (AddParameter): Name = "Number Of Rows"; Value = "1"; VariantName = "[No Variations]"
Add component (AddParameter): Name = "PartId"; Value = "16455"; VariantName = "[No Variations]"
Add component (AddParameter): Name = "Part Number"; Value = "B8B-XH-A(LF)(SN)"; VariantName = "[No Variations]"
Add component (AddParameter): Name = "Pitch"; Value = "0.098" (2.50mm)"; VariantName = "[No Variations]"
Add component (AddParameter): Name = "Price"; Value = "0,36"; VariantName = "[No Variations]"
Add component (AddParameter): Name = "Series"; Value = "XH"; VariantName = "[No Variations]"
Add component (AddParameter): Name = "Supplier 1"; Value = "Digi-Key"; VariantName = "[No Variations]"
Add component (AddParameter): Name = "Supplier Part Number 1"; Value = "455-2251-ND"; VariantName = "[No Variations]"
Add component (AddParameter): Name = "Type"; Value = "Header, Shrouded"; VariantName = "[No Variations]"
Added Component: Designator=R1(RES 0805/2012)
Add component. Clean all parameters for all variants
Add component (AddParameter): Name = "ComponentLink1Description"; Value = "Datasheet"; VariantName = "[No Variations]"
Add component (AddParameter): Name = "ComponentLink1URL"; Value = "http://industrial.panasonic.com/lecs/www-data/pdf/AOA0000/AOA0000CE26.pdf"; VariantName = "[No Variations]"
Add component (AddParameter): Name = "ComponentLink2Description"; Value = "Digi-Key listing"; VariantName = "[No Variations]"
Add component (AddParameter): Name = "ComponentLink2URL"; Value = "http://digikey.com/product-detail/en/ERA-6AEB103V/P10KDATR-ND/1465773"; VariantName = "[No Variations]"
Add component (AddParameter): Name = "Device Package"; Value = "0805 (2012 Metric)"; VariantName = "[No Variations]"
Add component (AddParameter): Name = "Manufacturer"; Value = "Panasonic Electronic Components"; VariantName = "[No Variations]"
Add component (AddParameter): Name = "PartId"; Value = "2446"; VariantName = "[No Variations]"
Add component (AddParameter): Name = "Part Number"; Value = "ERA-6AEB103V"; VariantName = "[No Variations]"
Add component (AddParameter): Name = "PowerRating"; Value = "0.125W, 1/8W"; VariantName = "[No Variations]"
Add component (AddParameter): Name = "Price"; Value = "0,0653"; VariantName = "[No Variations]"
Add component (AddParameter): Name = "Supplier 1"; Value = "Digi-Key"; VariantName = "[No Variations]"
Add component (AddParameter): Name = "Supplier Part Number 1"; Value = "P10KDATR-ND"; VariantName = "[No Variations]"
Add component (AddParameter): Name = "TemperatureCoefficient"; Value = "25ppm/C"; VariantName = "[No Variations]"
Add component (AddParameter): Name = "TemperatureRange"; Value = "-55C ~ 155C"; VariantName = "[No Variations]"
Add component (AddParameter): Name = "Tolerance"; Value = "0.1%"; VariantName = "[No Variations]"
Add component (AddParameter): Name = "Type"; Value = "Thin Film"; VariantName = "[No Variations]"
Add component (AddParameter): Name = "Value"; Value = "10k"; VariantName = "[No Variations]"
Added Component: Designator=U1(SOP65P760X160-24N)
Add component. Clean all parameters for all variants
Add component (AddParameter): Name = "Availability"; Value = "Good"; VariantName = "[No Variations]"
Add component (AddParameter): Name = "ComponentLink2URL"; Value = "https://www.digikey.com/product-detail/en/toshiba-semiconductor-and-storage/TB6612FNGC8EL/TB6612FNGC8ELCT-ND/1730134"; VariantName = "[No Variations]"
Add component (AddParameter): Name = "MF"; Value = "Toshiba"; VariantName = "[No Variations]"
Add component (AddParameter): Name = "MP"; Value = "TB6612FNG(O,C,8,EL"; VariantName = "[No Variations]"
Add component (AddParameter): Name = "Package"; Value = "SSOP-24 Toshiba"; VariantName = "[No Variations]"
Add component (AddParameter): Name = "Price"; Value = "2.11 USD"; VariantName = "[No Variations]"
Add component (AddParameter): Name = "Value"; Value = ""; VariantName = "[No Variations]"
Added Pin To Net: NetName=GND Pin=C1-1
Added Pin To Net: NetName=GND Pin=C2-1
Added Pin To Net: NetName=GND Pin=C3-2
Added Pin To Net: NetName=GND Pin=J2-8
Added Pin To Net: NetName=GND Pin=U1-3
Added Pin To Net: NetName=GND Pin=U1-4
Added Pin To Net: NetName=GND Pin=U1-9
Added Pin To Net: NetName=GND Pin=U1-10
Added Pin To Net: NetName=GND Pin=U1-18
Added Net: Name=GND
Added Pin To Net: NetName=NetJ1_1 Pin=J1-1
Added Pin To Net: NetName=NetJ1_1 Pin=U1-7
Added Pin To Net: NetName=NetJ1_1 Pin=U1-8
Added Net: Name=NetJ1_1
Added Pin To Net: NetName=NetJ1_2 Pin=J1-2
Added Pin To Net: NetName=NetJ1_2 Pin=U1-11
Added Pin To Net: NetName=NetJ1_2 Pin=U1-12
Added Net: Name=NetJ1_2
Added Pin To Net: NetName=NetJ1_3 Pin=J1-3
Added Pin To Net: NetName=NetJ1_3 Pin=U1-5
Added Pin To Net: NetName=NetJ1_3 Pin=U1-6
Added Net: Name=NetJ1_3
Added Pin To Net: NetName=NetJ1_4 Pin=J1-4
Added Pin To Net: NetName=NetJ1_4 Pin=U1-1
Added Pin To Net: NetName=NetJ1_4 Pin=U1-2
Added Net: Name=NetJ1_4
Added Pin To Net: NetName=NetJ2_1 Pin=J2-1
Added Pin To Net: NetName=NetJ2_1 Pin=R1-1
Added Pin To Net: NetName=NetJ2_1 Pin=U1-19
Added Net: Name=NetJ2_1
Added Pin To Net: NetName=NetJ2_2 Pin=J2-2
Added Pin To Net: NetName=NetJ2_2 Pin=U1-23
Added Net: Name=NetJ2_2
Added Pin To Net: NetName=NetJ2_3 Pin=J2-3
Added Pin To Net: NetName=NetJ2_3 Pin=U1-15
Added Net: Name=NetJ2_3
Added Pin To Net: NetName=NetJ2_4 Pin=J2-4
Added Pin To Net: NetName=NetJ2_4 Pin=U1-21
Added Net: Name=NetJ2_4
Added Pin To Net: NetName=NetJ2_5 Pin=J2-5
Added Pin To Net: NetName=NetJ2_5 Pin=U1-22
Added Net: Name=NetJ2_5
Added Pin To Net: NetName=NetJ2_6 Pin=J2-6
Added Pin To Net: NetName=NetJ2_6 Pin=U1-17
Added Net: Name=NetJ2_6
Added Pin To Net: NetName=NetJ2_7 Pin=J2-7
Added Pin To Net: NetName=NetJ2_7 Pin=U1-16
Added Net: Name=NetJ2_7
Added Pin To Net: NetName=VCC Pin=C1-2
Added Pin To Net: NetName=VCC Pin=R1-2
Added Pin To Net: NetName=VCC Pin=U1-20
Added Net: Name=VCC
Added Pin To Net: NetName=VM Pin=C2-2
Added Pin To Net: NetName=VM Pin=C3-1
Added Pin To Net: NetName=VM Pin=U1-13
Added Pin To Net: NetName=VM Pin=U1-14
Added Pin To Net: NetName=VM Pin=U1-24
Added Net: Name=VM
Added Class: Name=manip-cam-mod-schematic
